# JRE version: OpenJDK Runtime Environment Temurin-21.0.6+7 (21.0.6+7) (build 21.0.6+7-LTS)
# Java VM: OpenJDK 64-Bit Server VM Temurin-21.0.6+7 (21.0.6+7-LTS, mixed mode, emulated-client, sharing, tiered, compressed oops, compressed class ptrs, g1 gc, windows-amd64)
GC Precious Log:
 CardTable entry size: 512
 Card Set container configuration: InlinePtr #cards 4 size 8 Array Of Cards #cards 32 size 80 Howl #buckets 8 coarsen threshold 7372 Howl Bitmap #cards 1024 size 144 coarsen threshold 921 Card regions per heap region 1 cards per card region 8192
 CPUs: 16 total, 16 available
 Memory: 31889M
 Large Page Support: Disabled
 NUMA Support: Disabled
 Compressed Oops: Enabled (Zero based)
 Heap Region Size: 4M
 Heap Min Capacity: 8M
 Heap Initial Capacity: 500M
 Heap Max Capacity: 7976M
 Pre-touch: Disabled
 Parallel Workers: 13
 Concurrent Workers: 3
 Concurrent Refinement Workers: 13
 Periodic GC: Disabled
Heap:
 garbage-first heap   total 286720K, used 50975K [0x000000060d800000, 0x0000000800000000)
  region size 4096K, 12 young (49152K), 1 survivors (4096K)
 Metaspace       used 30085K, committed 30656K, reserved 1114112K
  class space    used 3963K, committed 4224K, reserved 1048576K
GC Heap History (20 events):
Event: 0.285 GC heap before
{Heap before GC invocations=0 (full 0):
 garbage-first heap   total 512000K, used 20480K [0x000000060d800000, 0x0000000800000000)
  region size 4096K, 6 young (24576K), 0 survivors (0K)
 Metaspace       used 6695K, committed 6912K, reserved 1114112K
  class space    used 740K, committed 832K, reserved 1048576K
}
Event: 0.287 GC heap after
{Heap after GC invocations=1 (full 0):
 garbage-first heap   total 512000K, used 5385K [0x000000060d800000, 0x0000000800000000)
  region size 4096K, 1 young (4096K), 1 survivors (4096K)
 Metaspace       used 6695K, committed 6912K, reserved 1114112K
  class space    used 740K, committed 832K, reserved 1048576K
}
Event: 0.397 GC heap before
{Heap before GC invocations=1 (full 0):
 garbage-first heap   total 512000K, used 29961K [0x000000060d800000, 0x0000000800000000)
  region size 4096K, 7 young (28672K), 1 survivors (4096K)
 Metaspace       used 9531K, committed 9792K, reserved 1114112K
  class space    used 1104K, committed 1216K, reserved 1048576K
}
Event: 0.398 GC heap after
{Heap after GC invocations=2 (full 0):
 garbage-first heap   total 512000K, used 6820K [0x000000060d800000, 0x0000000800000000)
  region size 4096K, 1 young (4096K), 1 survivors (4096K)
 Metaspace       used 9531K, committed 9792K, reserved 1114112K
  class space    used 1104K, committed 1216K, reserved 1048576K
}
Event: 0.500 GC heap before
{Heap before GC invocations=2 (full 0):
 garbage-first heap   total 512000K, used 31396K [0x000000060d800000, 0x0000000800000000)
  region size 4096K, 8 young (32768K), 1 survivors (4096K)
 Metaspace       used 12327K, committed 12608K, reserved 1114112K
  class space    used 1530K, committed 1664K, reserved 1048576K
}
Event: 0.502 GC heap after
{Heap after GC invocations=3 (full 0):
 garbage-first heap   total 512000K, used 7904K [0x000000060d800000, 0x0000000800000000)
  region size 4096K, 1 young (4096K), 1 survivors (4096K)
 Metaspace       used 12327K, committed 12608K, reserved 1114112K
  class space    used 1530K, committed 1664K, reserved 1048576K
}
Event: 0.553 GC heap before
{Heap before GC invocations=4 (full 0):
 garbage-first heap   total 40960K, used 36576K [0x000000060d800000, 0x0000000800000000)
  region size 4096K, 8 young (32768K), 1 survivors (4096K)
 Metaspace       used 14784K, committed 15232K, reserved 1114112K
  class space    used 1904K, committed 2112K, reserved 1048576K
}
Event: 0.555 GC heap after
{Heap after GC invocations=5 (full 0):
 garbage-first heap   total 45056K, used 8733K [0x000000060d800000, 0x0000000800000000)
  region size 4096K, 1 young (4096K), 1 survivors (4096K)
 Metaspace       used 14784K, committed 15232K, reserved 1114112K
  class space    used 1904K, committed 2112K, reserved 1048576K
}
Event: 0.577 GC heap before
{Heap before GC invocations=5 (full 0):
 garbage-first heap   total 45056K, used 29213K [0x000000060d800000, 0x0000000800000000)
  region size 4096K, 6 young (24576K), 1 survivors (4096K)
 Metaspace       used 16252K, committed 16640K, reserved 1114112K
  class space    used 2056K, committed 2240K, reserved 1048576K
}
Event: 0.578 GC heap after
{Heap after GC invocations=6 (full 0):
 garbage-first heap   total 45056K, used 8858K [0x000000060d800000, 0x0000000800000000)
  region size 4096K, 1 young (4096K), 1 survivors (4096K)
 Metaspace       used 16252K, committed 16640K, reserved 1114112K
  class space    used 2056K, committed 2240K, reserved 1048576K
}
Event: 0.609 GC heap before
{Heap before GC invocations=6 (full 0):
 garbage-first heap   total 45056K, used 25242K [0x000000060d800000, 0x0000000800000000)
  region size 4096K, 6 young (24576K), 1 survivors (4096K)
 Metaspace       used 17989K, committed 18304K, reserved 1114112K
  class space    used 2283K, committed 2432K, reserved 1048576K
}
Event: 0.610 GC heap after
{Heap after GC invocations=7 (full 0):
 garbage-first heap   total 278528K, used 9424K [0x000000060d800000, 0x0000000800000000)
  region size 4096K, 1 young (4096K), 1 survivors (4096K)
 Metaspace       used 17989K, committed 18304K, reserved 1114112K
  class space    used 2283K, committed 2432K, reserved 1048576K
}
Event: 0.674 GC heap before
{Heap before GC invocations=7 (full 0):
 garbage-first heap   total 278528K, used 42192K [0x000000060d800000, 0x0000000800000000)
  region size 4096K, 11 young (45056K), 1 survivors (4096K)
 Metaspace       used 21167K, committed 21504K, reserved 1114112K
  class space    used 2716K, committed 2880K, reserved 1048576K
}
Event: 0.675 GC heap after
{Heap after GC invocations=8 (full 0):
 garbage-first heap   total 278528K, used 11185K [0x000000060d800000, 0x0000000800000000)
  region size 4096K, 2 young (8192K), 2 survivors (8192K)
 Metaspace       used 21167K, committed 21504K, reserved 1114112K
  class space    used 2716K, committed 2880K, reserved 1048576K
}
Event: 0.758 GC heap before
{Heap before GC invocations=9 (full 0):
 garbage-first heap   total 57344K, used 31665K [0x000000060d800000, 0x0000000800000000)
  region size 4096K, 8 young (32768K), 2 survivors (8192K)
 Metaspace       used 22181K, committed 22592K, reserved 1114112K
  class space    used 2864K, committed 3072K, reserved 1048576K
}
Event: 0.760 GC heap after
{Heap after GC invocations=10 (full 0):
 garbage-first heap   total 57344K, used 12360K [0x000000060d800000, 0x0000000800000000)
  region size 4096K, 1 young (4096K), 1 survivors (4096K)
 Metaspace       used 22181K, committed 22592K, reserved 1114112K
  class space    used 2864K, committed 3072K, reserved 1048576K
}
Event: 0.852 GC heap before
{Heap before GC invocations=10 (full 0):
 garbage-first heap   total 57344K, used 41032K [0x000000060d800000, 0x0000000800000000)
  region size 4096K, 8 young (32768K), 1 survivors (4096K)
 Metaspace       used 23837K, committed 24256K, reserved 1114112K
  class space    used 3082K, committed 3264K, reserved 1048576K
}
Event: 0.854 GC heap after
{Heap after GC invocations=11 (full 0):
 garbage-first heap   total 57344K, used 12997K [0x000000060d800000, 0x0000000800000000)
  region size 4096K, 1 young (4096K), 1 survivors (4096K)
 Metaspace       used 23837K, committed 24256K, reserved 1114112K
  class space    used 3082K, committed 3264K, reserved 1048576K
}
Event: 0.961 GC heap before
{Heap before GC invocations=11 (full 0):
 garbage-first heap   total 57344K, used 41669K [0x000000060d800000, 0x0000000800000000)
  region size 4096K, 8 young (32768K), 1 survivors (4096K)
 Metaspace       used 26132K, committed 26624K, reserved 1114112K
  class space    used 3415K, committed 3648K, reserved 1048576K
}
Event: 0.964 GC heap after
{Heap after GC invocations=12 (full 0):
 garbage-first heap   total 286720K, used 14111K [0x000000060d800000, 0x0000000800000000)
  region size 4096K, 1 young (4096K), 1 survivors (4096K)
 Metaspace       used 26132K, committed 26624K, reserved 1114112K
  class space    used 3415K, committed 3648K, reserved 1048576K
}

